{
  "stats": {
    "suites": 1,
    "tests": 2,
    "passes": 2,
    "pending": 0,
    "failures": 0,
    "start": "2025-04-23T09:17:43.382Z",
    "end": "2025-04-23T09:17:49.826Z",
    "duration": 6444,
    "testsRegistered": 2,
    "passPercent": 100,
    "pendingPercent": 0,
    "other": 0,
    "hasOther": false,
    "skipped": 0,
    "hasSkipped": false
  },
  "results": [
    {
      "uuid": "9fdc7807-2634-4710-a95b-0398b8921158",
      "title": "",
      "fullFile": "cypress/e2e/Login/login-positive.cy.js",
      "file": "cypress/e2e/Login/login-positive.cy.js",
      "beforeHooks": [],
      "afterHooks": [],
      "tests": [],
      "suites": [
        {
          "uuid": "fdeb7584-ca83-4a88-b347-aa2d9a1c6ac3",
          "title": "Successful Login",
          "fullFile": "",
          "file": "",
          "beforeHooks": [],
          "afterHooks": [],
          "tests": [
            {
              "title": "the Prime Health Focus logo is visible",
              "fullTitle": "Successful Login the Prime Health Focus logo is visible",
              "timedOut": null,
              "duration": 2364,
              "state": "passed",
              "speed": "fast",
              "pass": true,
              "fail": false,
              "pending": false,
              "context": null,
              "code": "login.urlvisit();\ncy.get('img[alt=\"logo\"]').should('be.visible');",
              "err": {},
              "uuid": "b2d7244a-c5de-4455-9571-7aedb43c49d5",
              "parentUUID": "fdeb7584-ca83-4a88-b347-aa2d9a1c6ac3",
              "isHook": false,
              "skipped": false
            },
            {
              "title": "Logs in with valid credentials",
              "fullTitle": "Successful Login Logs in with valid credentials",
              "timedOut": null,
              "duration": 1069,
              "state": "passed",
              "speed": "fast",
              "pass": true,
              "fail": false,
              "pending": false,
              "context": null,
              "code": "login.urlvisit();\ncy.get('input[type=\"text\"]').should('be.visible').then(() => {\n  cy.wrap(loginData).should('have.property', 'code');\n  login.typeCode(loginData.code.validCode);\n  login.clickSubmit();\n  //cy.pause();\n  //cy.get(\"body\").debug();\n  login.captureErrorMessage(loginData.code.validCode);\n});",
              "err": {},
              "uuid": "c3f72fa1-6109-4a10-9b3a-ce4a3911f24a",
              "parentUUID": "fdeb7584-ca83-4a88-b347-aa2d9a1c6ac3",
              "isHook": false,
              "skipped": false
            }
          ],
          "suites": [],
          "passes": [
            "b2d7244a-c5de-4455-9571-7aedb43c49d5",
            "c3f72fa1-6109-4a10-9b3a-ce4a3911f24a"
          ],
          "failures": [],
          "pending": [],
          "skipped": [],
          "duration": 3433,
          "root": false,
          "rootEmpty": false,
          "_timeout": 2000
        }
      ],
      "passes": [],
      "failures": [],
      "pending": [],
      "skipped": [],
      "duration": 0,
      "root": true,
      "rootEmpty": true,
      "_timeout": 2000
    }
  ],
  "meta": {
    "mocha": {
      "version": "7.2.0"
    },
    "mochawesome": {
      "options": {
        "quiet": false,
        "reportFilename": "mochawesome",
        "saveHtml": true,
        "saveJson": true,
        "consoleReporter": "spec",
        "useInlineDiffs": false,
        "code": true
      },
      "version": "7.1.3"
    },
    "marge": {
      "options": {
        "reportDir": "cypress/reports/mochawesome",
        "overwrite": false,
        "html": true,
        "json": true
      },
      "version": "6.2.0"
    }
  }
}