{
  "stats": {
    "suites": 1,
    "tests": 2,
    "passes": 2,
    "pending": 0,
    "failures": 0,
    "start": "2025-04-23T09:06:12.271Z",
    "end": "2025-04-23T09:06:19.141Z",
    "duration": 6870,
    "testsRegistered": 2,
    "passPercent": 100,
    "pendingPercent": 0,
    "other": 0,
    "hasOther": false,
    "skipped": 0,
    "hasSkipped": false
  },
  "results": [
    {
      "uuid": "4035b29d-c4e4-4af3-a2cd-01db999ba605",
      "title": "",
      "fullFile": "cypress/e2e/Login/login-positive.cy.js",
      "file": "cypress/e2e/Login/login-positive.cy.js",
      "beforeHooks": [],
      "afterHooks": [],
      "tests": [],
      "suites": [
        {
          "uuid": "4a571c17-5ad5-4f6b-9e3b-27db54336180",
          "title": "Successful Login",
          "fullFile": "",
          "file": "",
          "beforeHooks": [],
          "afterHooks": [],
          "tests": [
            {
              "title": "the Prime Health Focus logo is visible",
              "fullTitle": "Successful Login the Prime Health Focus logo is visible",
              "timedOut": null,
              "duration": 2408,
              "state": "passed",
              "speed": "fast",
              "pass": true,
              "fail": false,
              "pending": false,
              "context": null,
              "code": "login.urlvisit();\ncy.get('img[alt=\"logo\"]').should('be.visible');",
              "err": {},
              "uuid": "b07cd6d6-2213-4995-af5b-f92895f3776e",
              "parentUUID": "4a571c17-5ad5-4f6b-9e3b-27db54336180",
              "isHook": false,
              "skipped": false
            },
            {
              "title": "Logs in with valid credentials",
              "fullTitle": "Successful Login Logs in with valid credentials",
              "timedOut": null,
              "duration": 1093,
              "state": "passed",
              "speed": "fast",
              "pass": true,
              "fail": false,
              "pending": false,
              "context": null,
              "code": "login.urlvisit();\ncy.get('input[type=\"text\"]').should('be.visible').then(() => {\n  cy.wrap(loginData).should('have.property', 'code');\n  login.typeCode(loginData.code.validCode);\n  login.clickSubmit();\n  //cy.pause();\n  //cy.get(\"body\").debug();\n  login.captureErrorMessage(loginData.code.validCode);\n});",
              "err": {},
              "uuid": "66b3db4d-e5a5-4d43-b040-d1759f3ae753",
              "parentUUID": "4a571c17-5ad5-4f6b-9e3b-27db54336180",
              "isHook": false,
              "skipped": false
            }
          ],
          "suites": [],
          "passes": [
            "b07cd6d6-2213-4995-af5b-f92895f3776e",
            "66b3db4d-e5a5-4d43-b040-d1759f3ae753"
          ],
          "failures": [],
          "pending": [],
          "skipped": [],
          "duration": 3501,
          "root": false,
          "rootEmpty": false,
          "_timeout": 2000
        }
      ],
      "passes": [],
      "failures": [],
      "pending": [],
      "skipped": [],
      "duration": 0,
      "root": true,
      "rootEmpty": true,
      "_timeout": 2000
    }
  ],
  "meta": {
    "mocha": {
      "version": "7.2.0"
    },
    "mochawesome": {
      "options": {
        "quiet": false,
        "reportFilename": "mochawesome",
        "saveHtml": true,
        "saveJson": true,
        "consoleReporter": "spec",
        "useInlineDiffs": false,
        "code": true
      },
      "version": "7.1.3"
    },
    "marge": {
      "options": {
        "reportDir": "cypress/reports/mochawesome",
        "overwrite": false,
        "html": true,
        "json": true
      },
      "version": "6.2.0"
    }
  }
}