{
  "stats": {
    "suites": 1,
    "tests": 3,
    "passes": 3,
    "pending": 0,
    "failures": 0,
    "start": "2025-04-23T09:17:14.591Z",
    "end": "2025-04-23T09:17:38.552Z",
    "duration": 23961,
    "testsRegistered": 3,
    "passPercent": 100,
    "pendingPercent": 0,
    "other": 0,
    "hasOther": false,
    "skipped": 0,
    "hasSkipped": false
  },
  "results": [
    {
      "uuid": "85fc473f-ca75-42d3-b1bb-cad0f0b47d72",
      "title": "",
      "fullFile": "cypress/e2e/Login/login-negative.cy.js",
      "file": "cypress/e2e/Login/login-negative.cy.js",
      "beforeHooks": [],
      "afterHooks": [],
      "tests": [],
      "suites": [
        {
          "uuid": "2fdba866-b3c0-4c54-bb68-6e73bf909a4f",
          "title": "Unsuccessful Login",
          "fullFile": "",
          "file": "",
          "beforeHooks": [],
          "afterHooks": [],
          "tests": [
            {
              "title": "test invalid login codes",
              "fullTitle": "Unsuccessful Login test invalid login codes",
              "timedOut": null,
              "duration": 18009,
              "state": "passed",
              "speed": "slow",
              "pass": true,
              "fail": false,
              "pending": false,
              "context": null,
              "code": "cy.wrap(loginData).should('have.property', 'code');\nObject.entries(loginData.code.inValidCode).forEach(([index, invalidCode]) => {\n  login = new _LoginPage.LoginPage();\n  login.urlvisit();\n  login.typeCode(invalidCode);\n  login.clickSubmit();\n  login.captureErrorMessage(invalidCode);\n  cy.wait(2000);\n});",
              "err": {},
              "uuid": "c79972bb-ea5b-4dcd-adc2-212341c48654",
              "parentUUID": "2fdba866-b3c0-4c54-bb68-6e73bf909a4f",
              "isHook": false,
              "skipped": false
            },
            {
              "title": "Login without filling the code",
              "fullTitle": "Unsuccessful Login Login without filling the code",
              "timedOut": null,
              "duration": 527,
              "state": "passed",
              "speed": "fast",
              "pass": true,
              "fail": false,
              "pending": false,
              "context": null,
              "code": "//visiting the URL\nlogin.urlvisit();\n//cliking the submit button\nlogin.clickSubmit();",
              "err": {},
              "uuid": "daf40c7a-570a-472b-8b5f-ac74d31c5a1d",
              "parentUUID": "2fdba866-b3c0-4c54-bb68-6e73bf909a4f",
              "isHook": false,
              "skipped": false
            },
            {
              "title": "Logs in with valid credentials, including leading and trailing spaces in password",
              "fullTitle": "Unsuccessful Login Logs in with valid credentials, including leading and trailing spaces in password",
              "timedOut": null,
              "duration": 817,
              "state": "passed",
              "speed": "fast",
              "pass": true,
              "fail": false,
              "pending": false,
              "context": null,
              "code": "//const login = new LoginPage();\nlogin.urlvisit();\ncy.get('input[type=\"text\"]').should('be.visible').then(() => {\n  cy.wrap(loginData).should('have.property', 'code');\n  // Test with leading and trailing spaces in the password\n  const passwordWithSpaces = \"  \" + loginData.code.validCode + \"  \"; // Adding spaces before and after the code \n  login.typeCode(passwordWithSpaces); // Enter password with leading/trailing spaces\n  login.clickSubmit();\n});",
              "err": {},
              "uuid": "ad4ab7ad-1d9f-4ccc-bd1e-531c1701b807",
              "parentUUID": "2fdba866-b3c0-4c54-bb68-6e73bf909a4f",
              "isHook": false,
              "skipped": false
            }
          ],
          "suites": [],
          "passes": [
            "c79972bb-ea5b-4dcd-adc2-212341c48654",
            "daf40c7a-570a-472b-8b5f-ac74d31c5a1d",
            "ad4ab7ad-1d9f-4ccc-bd1e-531c1701b807"
          ],
          "failures": [],
          "pending": [],
          "skipped": [],
          "duration": 19353,
          "root": false,
          "rootEmpty": false,
          "_timeout": 2000
        }
      ],
      "passes": [],
      "failures": [],
      "pending": [],
      "skipped": [],
      "duration": 0,
      "root": true,
      "rootEmpty": true,
      "_timeout": 2000
    }
  ],
  "meta": {
    "mocha": {
      "version": "7.2.0"
    },
    "mochawesome": {
      "options": {
        "quiet": false,
        "reportFilename": "mochawesome",
        "saveHtml": true,
        "saveJson": true,
        "consoleReporter": "spec",
        "useInlineDiffs": false,
        "code": true
      },
      "version": "7.1.3"
    },
    "marge": {
      "options": {
        "reportDir": "cypress/reports/mochawesome",
        "overwrite": false,
        "html": true,
        "json": true
      },
      "version": "6.2.0"
    }
  }
}