{
  "stats": {
    "suites": 1,
    "tests": 3,
    "passes": 3,
    "pending": 0,
    "failures": 0,
    "start": "2025-04-23T09:05:39.659Z",
    "end": "2025-04-23T09:06:08.180Z",
    "duration": 28521,
    "testsRegistered": 3,
    "passPercent": 100,
    "pendingPercent": 0,
    "other": 0,
    "hasOther": false,
    "skipped": 0,
    "hasSkipped": false
  },
  "results": [
    {
      "uuid": "43c602a9-d57a-448a-a447-5831a9574ff3",
      "title": "",
      "fullFile": "cypress/e2e/Login/login-negative.cy.js",
      "file": "cypress/e2e/Login/login-negative.cy.js",
      "beforeHooks": [],
      "afterHooks": [],
      "tests": [],
      "suites": [
        {
          "uuid": "3582360c-e0b1-4cfc-be6a-fdcec5131a99",
          "title": "Unsuccessful Login",
          "fullFile": "",
          "file": "",
          "beforeHooks": [],
          "afterHooks": [],
          "tests": [
            {
              "title": "test invalid login codes",
              "fullTitle": "Unsuccessful Login test invalid login codes",
              "timedOut": null,
              "duration": 22472,
              "state": "passed",
              "speed": "slow",
              "pass": true,
              "fail": false,
              "pending": false,
              "context": null,
              "code": "cy.wrap(loginData).should('have.property', 'code');\nObject.entries(loginData.code.inValidCode).forEach(([index, invalidCode]) => {\n  login = new _LoginPage.LoginPage();\n  login.urlvisit();\n  login.typeCode(invalidCode);\n  login.clickSubmit();\n  login.captureErrorMessage(invalidCode);\n  cy.wait(2000);\n});",
              "err": {},
              "uuid": "5b8ede66-ff85-4a50-9c70-f253ab7d2e91",
              "parentUUID": "3582360c-e0b1-4cfc-be6a-fdcec5131a99",
              "isHook": false,
              "skipped": false
            },
            {
              "title": "Login without filling the code",
              "fullTitle": "Unsuccessful Login Login without filling the code",
              "timedOut": null,
              "duration": 527,
              "state": "passed",
              "speed": "fast",
              "pass": true,
              "fail": false,
              "pending": false,
              "context": null,
              "code": "//visiting the URL\nlogin.urlvisit();\n//cliking the submit button\nlogin.clickSubmit();",
              "err": {},
              "uuid": "4c11d97e-2890-46bc-85c6-3535389ee747",
              "parentUUID": "3582360c-e0b1-4cfc-be6a-fdcec5131a99",
              "isHook": false,
              "skipped": false
            },
            {
              "title": "Logs in with valid credentials, including leading and trailing spaces in password",
              "fullTitle": "Unsuccessful Login Logs in with valid credentials, including leading and trailing spaces in password",
              "timedOut": null,
              "duration": 819,
              "state": "passed",
              "speed": "fast",
              "pass": true,
              "fail": false,
              "pending": false,
              "context": null,
              "code": "//const login = new LoginPage();\nlogin.urlvisit();\ncy.get('input[type=\"text\"]').should('be.visible').then(() => {\n  cy.wrap(loginData).should('have.property', 'code');\n  // Test with leading and trailing spaces in the password\n  const passwordWithSpaces = \"  \" + loginData.code.validCode + \"  \"; // Adding spaces before and after the code \n  login.typeCode(passwordWithSpaces); // Enter password with leading/trailing spaces\n  login.clickSubmit();\n});",
              "err": {},
              "uuid": "b58e7459-0171-42b8-ba6a-63d211d98891",
              "parentUUID": "3582360c-e0b1-4cfc-be6a-fdcec5131a99",
              "isHook": false,
              "skipped": false
            }
          ],
          "suites": [],
          "passes": [
            "5b8ede66-ff85-4a50-9c70-f253ab7d2e91",
            "4c11d97e-2890-46bc-85c6-3535389ee747",
            "b58e7459-0171-42b8-ba6a-63d211d98891"
          ],
          "failures": [],
          "pending": [],
          "skipped": [],
          "duration": 23818,
          "root": false,
          "rootEmpty": false,
          "_timeout": 2000
        }
      ],
      "passes": [],
      "failures": [],
      "pending": [],
      "skipped": [],
      "duration": 0,
      "root": true,
      "rootEmpty": true,
      "_timeout": 2000
    }
  ],
  "meta": {
    "mocha": {
      "version": "7.2.0"
    },
    "mochawesome": {
      "options": {
        "quiet": false,
        "reportFilename": "mochawesome",
        "saveHtml": true,
        "saveJson": true,
        "consoleReporter": "spec",
        "useInlineDiffs": false,
        "code": true
      },
      "version": "7.1.3"
    },
    "marge": {
      "options": {
        "reportDir": "cypress/reports/mochawesome",
        "overwrite": false,
        "html": true,
        "json": true
      },
      "version": "6.2.0"
    }
  }
}