{
  "stats": {
    "suites": 1,
    "tests": 1,
    "passes": 1,
    "pending": 0,
    "failures": 0,
    "start": "2025-04-13T08:01:27.154Z",
    "end": "2025-04-13T08:01:41.252Z",
    "duration": 14098,
    "testsRegistered": 1,
    "passPercent": 100,
    "pendingPercent": 0,
    "other": 0,
    "hasOther": false,
    "skipped": 0,
    "hasSkipped": false
  },
  "results": [
    {
      "uuid": "8ae8c450-484e-4e5f-a1f8-1bca6db79eac",
      "title": "",
      "fullFile": "cypress/e2e/Login/login-negative.cy.js",
      "file": "cypress/e2e/Login/login-negative.cy.js",
      "beforeHooks": [],
      "afterHooks": [],
      "tests": [],
      "suites": [
        {
          "uuid": "fd8095cc-29b7-4cbc-820a-9ef955d3ba7b",
          "title": "Unsuccessful Login",
          "fullFile": "",
          "file": "",
          "beforeHooks": [],
          "afterHooks": [],
          "tests": [
            {
              "title": "test invalid login codes",
              "fullTitle": "Unsuccessful Login test invalid login codes",
              "timedOut": null,
              "duration": 8776,
              "state": "passed",
              "speed": "medium",
              "pass": true,
              "fail": false,
              "pending": false,
              "context": null,
              "code": "cy.wrap(loginData).should('have.property', 'code');\nObject.entries(loginData.code.inValidCode).forEach(([key, invalidCode]) => {\n  const login = new _LoginPage.LoginPage();\n  login.urlvisit();\n  login.typeCode(invalidCode);\n  login.clickSubmit();\n});",
              "err": {},
              "uuid": "d0a3101d-a233-4c5b-ba00-1a337d2b704f",
              "parentUUID": "fd8095cc-29b7-4cbc-820a-9ef955d3ba7b",
              "isHook": false,
              "skipped": false
            }
          ],
          "suites": [],
          "passes": [
            "d0a3101d-a233-4c5b-ba00-1a337d2b704f"
          ],
          "failures": [],
          "pending": [],
          "skipped": [],
          "duration": 8776,
          "root": false,
          "rootEmpty": false,
          "_timeout": 2000
        }
      ],
      "passes": [],
      "failures": [],
      "pending": [],
      "skipped": [],
      "duration": 0,
      "root": true,
      "rootEmpty": true,
      "_timeout": 2000
    }
  ],
  "meta": {
    "mocha": {
      "version": "7.2.0"
    },
    "mochawesome": {
      "options": {
        "quiet": false,
        "reportFilename": "mochawesome",
        "saveHtml": true,
        "saveJson": true,
        "consoleReporter": "spec",
        "useInlineDiffs": false,
        "code": true
      },
      "version": "7.1.3"
    },
    "marge": {
      "options": {
        "reportDir": "cypress/reports/mochawesome",
        "overwrite": false,
        "html": true,
        "json": true
      },
      "version": "6.2.0"
    }
  }
}