{
  "stats": {
    "suites": 1,
    "tests": 2,
    "passes": 2,
    "pending": 0,
    "failures": 0,
    "start": "2025-04-23T09:15:18.640Z",
    "end": "2025-04-23T09:15:25.265Z",
    "duration": 6625,
    "testsRegistered": 2,
    "passPercent": 100,
    "pendingPercent": 0,
    "other": 0,
    "hasOther": false,
    "skipped": 0,
    "hasSkipped": false
  },
  "results": [
    {
      "uuid": "3869bf65-02f3-46c3-a1ba-1b0ddb750bc1",
      "title": "",
      "fullFile": "cypress/e2e/Login/login-positive.cy.js",
      "file": "cypress/e2e/Login/login-positive.cy.js",
      "beforeHooks": [],
      "afterHooks": [],
      "tests": [],
      "suites": [
        {
          "uuid": "d8ce7019-1890-4eaa-bdf5-fddae70b0409",
          "title": "Successful Login",
          "fullFile": "",
          "file": "",
          "beforeHooks": [],
          "afterHooks": [],
          "tests": [
            {
              "title": "the Prime Health Focus logo is visible",
              "fullTitle": "Successful Login the Prime Health Focus logo is visible",
              "timedOut": null,
              "duration": 2334,
              "state": "passed",
              "speed": "fast",
              "pass": true,
              "fail": false,
              "pending": false,
              "context": null,
              "code": "login.urlvisit();\ncy.get('img[alt=\"logo\"]').should('be.visible');",
              "err": {},
              "uuid": "1c3a8833-8390-464f-a6c6-fd57700479f3",
              "parentUUID": "d8ce7019-1890-4eaa-bdf5-fddae70b0409",
              "isHook": false,
              "skipped": false
            },
            {
              "title": "Logs in with valid credentials",
              "fullTitle": "Successful Login Logs in with valid credentials",
              "timedOut": null,
              "duration": 1103,
              "state": "passed",
              "speed": "fast",
              "pass": true,
              "fail": false,
              "pending": false,
              "context": null,
              "code": "login.urlvisit();\ncy.get('input[type=\"text\"]').should('be.visible').then(() => {\n  cy.wrap(loginData).should('have.property', 'code');\n  login.typeCode(loginData.code.validCode);\n  login.clickSubmit();\n  //cy.pause();\n  //cy.get(\"body\").debug();\n  login.captureErrorMessage(loginData.code.validCode);\n});",
              "err": {},
              "uuid": "f2c6899a-9a27-4051-88d6-e442eaa3ad86",
              "parentUUID": "d8ce7019-1890-4eaa-bdf5-fddae70b0409",
              "isHook": false,
              "skipped": false
            }
          ],
          "suites": [],
          "passes": [
            "1c3a8833-8390-464f-a6c6-fd57700479f3",
            "f2c6899a-9a27-4051-88d6-e442eaa3ad86"
          ],
          "failures": [],
          "pending": [],
          "skipped": [],
          "duration": 3437,
          "root": false,
          "rootEmpty": false,
          "_timeout": 2000
        }
      ],
      "passes": [],
      "failures": [],
      "pending": [],
      "skipped": [],
      "duration": 0,
      "root": true,
      "rootEmpty": true,
      "_timeout": 2000
    }
  ],
  "meta": {
    "mocha": {
      "version": "7.2.0"
    },
    "mochawesome": {
      "options": {
        "quiet": false,
        "reportFilename": "mochawesome",
        "saveHtml": true,
        "saveJson": true,
        "consoleReporter": "spec",
        "useInlineDiffs": false,
        "code": true
      },
      "version": "7.1.3"
    },
    "marge": {
      "options": {
        "reportDir": "cypress/reports/mochawesome",
        "overwrite": false,
        "html": true,
        "json": true
      },
      "version": "6.2.0"
    }
  }
}