{
  "stats": {
    "suites": 1,
    "tests": 1,
    "passes": 1,
    "pending": 0,
    "failures": 0,
    "start": "2025-04-13T08:11:22.532Z",
    "end": "2025-04-13T08:11:29.648Z",
    "duration": 7116,
    "testsRegistered": 1,
    "passPercent": 100,
    "pendingPercent": 0,
    "other": 0,
    "hasOther": false,
    "skipped": 0,
    "hasSkipped": false
  },
  "results": [
    {
      "uuid": "6d3bebd1-e05a-4990-919d-cc1e25910b9b",
      "title": "",
      "fullFile": "cypress/e2e/Login/login-positive.cy.js",
      "file": "cypress/e2e/Login/login-positive.cy.js",
      "beforeHooks": [],
      "afterHooks": [],
      "tests": [],
      "suites": [
        {
          "uuid": "e336cf10-b7fc-4cb8-9338-3180f2efa388",
          "title": "Successful Login",
          "fullFile": "",
          "file": "",
          "beforeHooks": [],
          "afterHooks": [],
          "tests": [
            {
              "title": "Logs in with valid credentials",
              "fullTitle": "Successful Login Logs in with valid credentials",
              "timedOut": null,
              "duration": 4427,
              "state": "passed",
              "speed": "fast",
              "pass": true,
              "fail": false,
              "pending": false,
              "context": null,
              "code": "cy.wrap(loginData).should('have.property', 'code');\nconst login = new _LoginPage.LoginPage();\nlogin.urlvisit();\nlogin.typeCode(loginData.code.validCode);\nlogin.clickSubmit();",
              "err": {},
              "uuid": "a8f813b0-77cc-4505-a859-58fe728bd372",
              "parentUUID": "e336cf10-b7fc-4cb8-9338-3180f2efa388",
              "isHook": false,
              "skipped": false
            }
          ],
          "suites": [],
          "passes": [
            "a8f813b0-77cc-4505-a859-58fe728bd372"
          ],
          "failures": [],
          "pending": [],
          "skipped": [],
          "duration": 4427,
          "root": false,
          "rootEmpty": false,
          "_timeout": 2000
        }
      ],
      "passes": [],
      "failures": [],
      "pending": [],
      "skipped": [],
      "duration": 0,
      "root": true,
      "rootEmpty": true,
      "_timeout": 2000
    }
  ],
  "meta": {
    "mocha": {
      "version": "7.2.0"
    },
    "mochawesome": {
      "options": {
        "quiet": false,
        "reportFilename": "mochawesome",
        "saveHtml": true,
        "saveJson": true,
        "consoleReporter": "spec",
        "useInlineDiffs": false,
        "code": true
      },
      "version": "7.1.3"
    },
    "marge": {
      "options": {
        "reportDir": "cypress/reports/mochawesome",
        "overwrite": false,
        "html": true,
        "json": true
      },
      "version": "6.2.0"
    }
  }
}