{
  "stats": {
    "suites": 1,
    "tests": 1,
    "passes": 1,
    "pending": 0,
    "failures": 0,
    "start": "2025-04-13T07:40:34.075Z",
    "end": "2025-04-13T07:40:42.999Z",
    "duration": 8924,
    "testsRegistered": 1,
    "passPercent": 100,
    "pendingPercent": 0,
    "other": 0,
    "hasOther": false,
    "skipped": 0,
    "hasSkipped": false
  },
  "results": [
    {
      "uuid": "d2e5bab1-60b0-41c5-bb5d-3ab6a0d7efe7",
      "title": "",
      "fullFile": "cypress/e2e/Login/login-positive.cy.js",
      "file": "cypress/e2e/Login/login-positive.cy.js",
      "beforeHooks": [],
      "afterHooks": [],
      "tests": [],
      "suites": [
        {
          "uuid": "56e5aaaf-76b1-4e6e-87ac-91d126978a7c",
          "title": "Successful Login",
          "fullFile": "",
          "file": "",
          "beforeHooks": [],
          "afterHooks": [],
          "tests": [
            {
              "title": "Logs in with valid credentials",
              "fullTitle": "Successful Login Logs in with valid credentials",
              "timedOut": null,
              "duration": 6248,
              "state": "passed",
              "speed": "medium",
              "pass": true,
              "fail": false,
              "pending": false,
              "context": null,
              "code": "cy.wrap(loginData).should('have.property', 'code');\nconst login = new _LoginPage.LoginPage();\nlogin.urlvisit();\nlogin.typeCode(loginData.code.validCode);\nlogin.clickSubmit();",
              "err": {},
              "uuid": "df399232-0ab7-45a8-967d-dcb8a42ca03b",
              "parentUUID": "56e5aaaf-76b1-4e6e-87ac-91d126978a7c",
              "isHook": false,
              "skipped": false
            }
          ],
          "suites": [],
          "passes": [
            "df399232-0ab7-45a8-967d-dcb8a42ca03b"
          ],
          "failures": [],
          "pending": [],
          "skipped": [],
          "duration": 6248,
          "root": false,
          "rootEmpty": false,
          "_timeout": 2000
        }
      ],
      "passes": [],
      "failures": [],
      "pending": [],
      "skipped": [],
      "duration": 0,
      "root": true,
      "rootEmpty": true,
      "_timeout": 2000
    }
  ],
  "meta": {
    "mocha": {
      "version": "7.2.0"
    },
    "mochawesome": {
      "options": {
        "quiet": false,
        "reportFilename": "mochawesome",
        "saveHtml": true,
        "saveJson": true,
        "consoleReporter": "spec",
        "useInlineDiffs": false,
        "code": true
      },
      "version": "7.1.3"
    },
    "marge": {
      "options": null,
      "version": "6.2.0"
    }
  }
}